<?xml version="1.0" encoding="UTF-8" ?>
<testsuite tests="5" failures="0" name="cilabo.fuzzy.knowledge.membershipParams.MakeParameterTest" time="0.842" errors="0" skipped="0">
  <properties>
[...]
</properties>
  <testcase classname="cilabo.fuzzy.knowledge.membershipParams.MakeParameterTest" name="testTriangle" time="0.267"/>
  <testcase classname="cilabo.fuzzy.knowledge.membershipParams.MakeParameterTest" name="testGaussian" time="0.151"/>
  <testcase classname="cilabo.fuzzy.knowledge.membershipParams.MakeParameterTest" name="testLinerShape" time="0.145"/>
  <testcase classname="cilabo.fuzzy.knowledge.membershipParams.MakeParameterTest" name="testTrapezoid" time="0.142"/>
  <testcase classname="cilabo.fuzzy.knowledge.membershipParams.MakeParameterTest" name="testRectangle" time="0.137"/>
</testsuite>